<?xml version="1.0" encoding="UTF-8"?>
<coverage generated="1750584105962" clover="3.2.0">
  <project timestamp="1750584105962" name="All files">
    <metrics statements="21" coveredstatements="19" conditionals="11" coveredconditionals="9" methods="11" coveredmethods="9" elements="43" coveredelements="37" complexity="0" loc="21" ncloc="21" packages="6" files="6" classes="6"/>
    <package name="shared.config.i18n">
      <metrics statements="1" coveredstatements="1" conditionals="0" coveredconditionals="0" methods="0" coveredmethods="0"/>
      <file name="i18nForTests.ts" path="/home/stanislav/Рабочий стол/Обучение Frontend/projects/InitialConfigurationForRactProject/src/shared/config/i18n/i18nForTests.ts">
        <metrics statements="1" coveredstatements="1" conditionals="0" coveredconditionals="0" methods="0" coveredmethods="0"/>
        <line num="4" count="1" type="stmt"/>
      </file>
    </package>
    <package name="shared.lib.classNames">
      <metrics statements="3" coveredstatements="3" conditionals="2" coveredconditionals="2" methods="3" coveredmethods="3"/>
      <file name="classNames.ts" path="/home/stanislav/Рабочий стол/Обучение Frontend/projects/InitialConfigurationForRactProject/src/shared/lib/classNames/classNames.ts">
        <metrics statements="3" coveredstatements="3" conditionals="2" coveredconditionals="2" methods="3" coveredmethods="3"/>
        <line num="10" count="19" type="stmt"/>
        <line num="14" count="15" type="stmt"/>
        <line num="15" count="12" type="stmt"/>
      </file>
    </package>
    <package name="shared.lib.tests.renderWithTranslation">
      <metrics statements="1" coveredstatements="1" conditionals="0" coveredconditionals="0" methods="1" coveredmethods="1"/>
      <file name="renderWithTranslation.tsx" path="/home/stanislav/Рабочий стол/Обучение Frontend/projects/InitialConfigurationForRactProject/src/shared/lib/tests/renderWithTranslation/renderWithTranslation.tsx">
        <metrics statements="1" coveredstatements="1" conditionals="0" coveredconditionals="0" methods="1" coveredmethods="1"/>
        <line num="8" count="2" type="stmt"/>
      </file>
    </package>
    <package name="shared.ui.Button">
      <metrics statements="4" coveredstatements="4" conditionals="3" coveredconditionals="3" methods="1" coveredmethods="1"/>
      <file name="Button.tsx" path="/home/stanislav/Рабочий стол/Обучение Frontend/projects/InitialConfigurationForRactProject/src/shared/ui/Button/Button.tsx">
        <metrics statements="4" coveredstatements="4" conditionals="3" coveredconditionals="3" methods="1" coveredmethods="1"/>
        <line num="17" count="2" type="stmt"/>
        <line num="22" count="2" type="stmt"/>
        <line num="23" count="8" type="cond" truecount="1" falsecount="0"/>
        <line num="25" count="8" type="stmt"/>
      </file>
    </package>
    <package name="widgets.LangSwitcher">
      <metrics statements="6" coveredstatements="4" conditionals="4" coveredconditionals="2" methods="3" coveredmethods="1"/>
      <file name="LangSwitcher.tsx" path="/home/stanislav/Рабочий стол/Обучение Frontend/projects/InitialConfigurationForRactProject/src/widgets/LangSwitcher/LangSwitcher.tsx">
        <metrics statements="6" coveredstatements="4" conditionals="4" coveredconditionals="2" methods="3" coveredmethods="1"/>
        <line num="12" count="1" type="stmt"/>
        <line num="13" count="4" type="stmt"/>
        <line num="15" count="4" type="stmt"/>
        <line num="16" count="0" type="cond" truecount="0" falsecount="2"/>
        <line num="19" count="4" type="stmt"/>
        <line num="23" count="0" type="stmt"/>
      </file>
    </package>
    <package name="widgets.Sidebar.ui.Sidebar">
      <metrics statements="6" coveredstatements="6" conditionals="2" coveredconditionals="2" methods="3" coveredmethods="3"/>
      <file name="Sidebar.tsx" path="/home/stanislav/Рабочий стол/Обучение Frontend/projects/InitialConfigurationForRactProject/src/widgets/Sidebar/ui/Sidebar/Sidebar.tsx">
        <metrics statements="6" coveredstatements="6" conditionals="2" coveredconditionals="2" methods="3" coveredmethods="3"/>
        <line num="15" count="1" type="stmt"/>
        <line num="19" count="1" type="stmt"/>
        <line num="20" count="3" type="stmt"/>
        <line num="22" count="3" type="stmt"/>
        <line num="23" count="1" type="stmt"/>
        <line num="25" count="3" type="stmt"/>
      </file>
    </package>
  </project>
</coverage>
