{"/home/stanislav/Рабочий стол/Обучение Frontend/projects/InitialConfigurationForRactProject/src/shared/lib/classNames/classNames.ts": {"path":"/home/stanislav/Рабочий стол/Обучение Frontend/projects/InitialConfigurationForRactProject/src/shared/lib/classNames/classNames.ts","statementMap":{"0":{"start":{"line":10,"column":4},"end":{"line":16,"column":16}},"1":{"start":{"line":14,"column":36},"end":{"line":14,"column":50}},"2":{"start":{"line":15,"column":34},"end":{"line":15,"column":43}}},"fnMap":{"0":{"name":"classNames","decl":{"start":{"line":9,"column":16},"end":{"line":9,"column":26}},"loc":{"start":{"line":9,"column":92},"end":{"line":17,"column":1}},"line":9},"1":{"name":"(anonymous_1)","decl":{"start":{"line":14,"column":20},"end":{"line":14,"column":21}},"loc":{"start":{"line":14,"column":36},"end":{"line":14,"column":50}},"line":14},"2":{"name":"(anonymous_2)","decl":{"start":{"line":15,"column":17},"end":{"line":15,"column":18}},"loc":{"start":{"line":15,"column":34},"end":{"line":15,"column":43}},"line":15}},"branchMap":{"0":{"loc":{"start":{"line":9,"column":40},"end":{"line":9,"column":55}},"type":"default-arg","locations":[{"start":{"line":9,"column":53},"end":{"line":9,"column":55}}],"line":9},"1":{"loc":{"start":{"line":9,"column":57},"end":{"line":9,"column":82}},"type":"default-arg","locations":[{"start":{"line":9,"column":80},"end":{"line":9,"column":82}}],"line":9}},"s":{"0":4,"1":4,"2":3},"f":{"0":4,"1":4,"2":3},"b":{"0":[1],"1":[1]},"_coverageSchema":"1a1c01bbd47fc00a2c39e90264f33305004495a9","hash":"f8f20f3f4d8b5b93f917c11f0b2f3d4e7adad3e9"}
}
