{"/home/stanislav/Рабочий стол/Обучение Frontend/projects/InitialConfigurationForRactProject/src/shared/config/i18n/i18nForTests.ts": {"path":"/home/stanislav/Рабочий стол/Обучение Frontend/projects/InitialConfigurationForRactProject/src/shared/config/i18n/i18nForTests.ts","statementMap":{"0":{"start":{"line":4,"column":0},"end":{"line":14,"column":3}}},"fnMap":{},"branchMap":{},"s":{"0":1},"f":{},"b":{},"_coverageSchema":"1a1c01bbd47fc00a2c39e90264f33305004495a9","hash":"cd644bf9f1481d1f3f0c243fe9667753cd384df3"}
,"/home/stanislav/Рабочий стол/Обучение Frontend/projects/InitialConfigurationForRactProject/src/shared/lib/classNames/classNames.ts": {"path":"/home/stanislav/Рабочий стол/Обучение Frontend/projects/InitialConfigurationForRactProject/src/shared/lib/classNames/classNames.ts","statementMap":{"0":{"start":{"line":10,"column":4},"end":{"line":16,"column":16}},"1":{"start":{"line":14,"column":36},"end":{"line":14,"column":50}},"2":{"start":{"line":15,"column":34},"end":{"line":15,"column":43}}},"fnMap":{"0":{"name":"classNames","decl":{"start":{"line":9,"column":16},"end":{"line":9,"column":26}},"loc":{"start":{"line":9,"column":92},"end":{"line":17,"column":1}},"line":9},"1":{"name":"(anonymous_1)","decl":{"start":{"line":14,"column":20},"end":{"line":14,"column":21}},"loc":{"start":{"line":14,"column":36},"end":{"line":14,"column":50}},"line":14},"2":{"name":"(anonymous_2)","decl":{"start":{"line":15,"column":17},"end":{"line":15,"column":18}},"loc":{"start":{"line":15,"column":34},"end":{"line":15,"column":43}},"line":15}},"branchMap":{"0":{"loc":{"start":{"line":9,"column":40},"end":{"line":9,"column":55}},"type":"default-arg","locations":[{"start":{"line":9,"column":53},"end":{"line":9,"column":55}}],"line":9},"1":{"loc":{"start":{"line":9,"column":57},"end":{"line":9,"column":82}},"type":"default-arg","locations":[{"start":{"line":9,"column":80},"end":{"line":9,"column":82}}],"line":9}},"s":{"0":16,"1":12,"2":9},"f":{"0":16,"1":12,"2":9},"b":{"0":[1],"1":[1]},"_coverageSchema":"1a1c01bbd47fc00a2c39e90264f33305004495a9","hash":"f8f20f3f4d8b5b93f917c11f0b2f3d4e7adad3e9"}
,"/home/stanislav/Рабочий стол/Обучение Frontend/projects/InitialConfigurationForRactProject/src/shared/lib/tests/renderWithTranslation/renderWithTranslation.tsx": {"path":"/home/stanislav/Рабочий стол/Обучение Frontend/projects/InitialConfigurationForRactProject/src/shared/lib/tests/renderWithTranslation/renderWithTranslation.tsx","statementMap":{"0":{"start":{"line":8,"column":4},"end":{"line":8,"column":86}}},"fnMap":{"0":{"name":"renderWithTranslation","decl":{"start":{"line":7,"column":16},"end":{"line":7,"column":37}},"loc":{"start":{"line":7,"column":60},"end":{"line":9,"column":1}},"line":7}},"branchMap":{},"s":{"0":2},"f":{"0":2},"b":{},"_coverageSchema":"1a1c01bbd47fc00a2c39e90264f33305004495a9","hash":"554e3c8fc231b1dc9580d4c1cf7618b815d08fac"}
,"/home/stanislav/Рабочий стол/Обучение Frontend/projects/InitialConfigurationForRactProject/src/shared/ui/Button/Button.tsx": {"path":"/home/stanislav/Рабочий стол/Обучение Frontend/projects/InitialConfigurationForRactProject/src/shared/ui/Button/Button.tsx","statementMap":{"0":{"start":{"line":16,"column":56},"end":{"line":18,"column":1}},"1":{"start":{"line":20,"column":39},"end":{"line":31,"column":1}},"2":{"start":{"line":21,"column":78},"end":{"line":21,"column":83}},"3":{"start":{"line":23,"column":4},"end":{"line":30,"column":6}}},"fnMap":{"0":{"name":"(anonymous_0)","decl":{"start":{"line":20,"column":39},"end":{"line":20,"column":40}},"loc":{"start":{"line":20,"column":50},"end":{"line":31,"column":1}},"line":20}},"branchMap":{"0":{"loc":{"start":{"line":21,"column":33},"end":{"line":21,"column":58}},"type":"default-arg","locations":[{"start":{"line":21,"column":41},"end":{"line":21,"column":58}}],"line":21},"1":{"loc":{"start":{"line":25,"column":82},"end":{"line":25,"column":97}},"type":"binary-expr","locations":[{"start":{"line":25,"column":82},"end":{"line":25,"column":91}},{"start":{"line":25,"column":95},"end":{"line":25,"column":97}}],"line":25}},"s":{"0":2,"1":2,"2":5,"3":5},"f":{"0":5},"b":{"0":[1],"1":[5,2]},"_coverageSchema":"1a1c01bbd47fc00a2c39e90264f33305004495a9","hash":"2ede342149e3f92f5405fbe89371018fde175aee"}
,"/home/stanislav/Рабочий стол/Обучение Frontend/projects/InitialConfigurationForRactProject/src/widgets/LangSwitcher/LangSwitcher.tsx": {"path":"/home/stanislav/Рабочий стол/Обучение Frontend/projects/InitialConfigurationForRactProject/src/widgets/LangSwitcher/LangSwitcher.tsx","statementMap":{"0":{"start":{"line":12,"column":28},"end":{"line":28,"column":1}},"1":{"start":{"line":13,"column":24},"end":{"line":13,"column":40}},"2":{"start":{"line":15,"column":19},"end":{"line":17,"column":5}},"3":{"start":{"line":16,"column":8},"end":{"line":16,"column":72}},"4":{"start":{"line":19,"column":4},"end":{"line":27,"column":6}},"5":{"start":{"line":23,"column":27},"end":{"line":23,"column":40}}},"fnMap":{"0":{"name":"(anonymous_0)","decl":{"start":{"line":12,"column":28},"end":{"line":12,"column":29}},"loc":{"start":{"line":12,"column":79},"end":{"line":28,"column":1}},"line":12},"1":{"name":"(anonymous_1)","decl":{"start":{"line":15,"column":19},"end":{"line":15,"column":20}},"loc":{"start":{"line":15,"column":46},"end":{"line":17,"column":5}},"line":15},"2":{"name":"(anonymous_2)","decl":{"start":{"line":23,"column":21},"end":{"line":23,"column":22}},"loc":{"start":{"line":23,"column":27},"end":{"line":23,"column":40}},"line":23}},"branchMap":{"0":{"loc":{"start":{"line":16,"column":34},"end":{"line":16,"column":70}},"type":"cond-expr","locations":[{"start":{"line":16,"column":59},"end":{"line":16,"column":63}},{"start":{"line":16,"column":66},"end":{"line":16,"column":70}}],"line":16},"1":{"loc":{"start":{"line":21,"column":43},"end":{"line":21,"column":58}},"type":"binary-expr","locations":[{"start":{"line":21,"column":43},"end":{"line":21,"column":52}},{"start":{"line":21,"column":56},"end":{"line":21,"column":58}}],"line":21}},"s":{"0":1,"1":4,"2":4,"3":0,"4":4,"5":0},"f":{"0":4,"1":0,"2":0},"b":{"0":[0,0],"1":[4,4]},"_coverageSchema":"1a1c01bbd47fc00a2c39e90264f33305004495a9","hash":"ab6bab9543cf852f499d28d60d8fb4e570c200b7"}
,"/home/stanislav/Рабочий стол/Обучение Frontend/projects/InitialConfigurationForRactProject/src/widgets/Sidebar/ui/Sidebar/Sidebar.tsx": {"path":"/home/stanislav/Рабочий стол/Обучение Frontend/projects/InitialConfigurationForRactProject/src/widgets/Sidebar/ui/Sidebar/Sidebar.tsx","statementMap":{"0":{"start":{"line":14,"column":47},"end":{"line":16,"column":1}},"1":{"start":{"line":18,"column":23},"end":{"line":37,"column":1}},"2":{"start":{"line":19,"column":42},"end":{"line":19,"column":57}},"3":{"start":{"line":21,"column":21},"end":{"line":23,"column":5}},"4":{"start":{"line":22,"column":8},"end":{"line":22,"column":40}},"5":{"start":{"line":22,"column":33},"end":{"line":22,"column":38}},"6":{"start":{"line":24,"column":4},"end":{"line":36,"column":6}}},"fnMap":{"0":{"name":"(anonymous_0)","decl":{"start":{"line":18,"column":23},"end":{"line":18,"column":24}},"loc":{"start":{"line":18,"column":69},"end":{"line":37,"column":1}},"line":18},"1":{"name":"(anonymous_1)","decl":{"start":{"line":21,"column":21},"end":{"line":21,"column":22}},"loc":{"start":{"line":21,"column":33},"end":{"line":23,"column":5}},"line":21},"2":{"name":"(anonymous_2)","decl":{"start":{"line":22,"column":23},"end":{"line":22,"column":24}},"loc":{"start":{"line":22,"column":33},"end":{"line":22,"column":38}},"line":22}},"branchMap":{"0":{"loc":{"start":{"line":28,"column":16},"end":{"line":28,"column":31}},"type":"binary-expr","locations":[{"start":{"line":28,"column":16},"end":{"line":28,"column":25}},{"start":{"line":28,"column":29},"end":{"line":28,"column":31}}],"line":28}},"s":{"0":1,"1":1,"2":3,"3":3,"4":1,"5":1,"6":3},"f":{"0":3,"1":1,"2":1},"b":{"0":[3,3]},"_coverageSchema":"1a1c01bbd47fc00a2c39e90264f33305004495a9","hash":"16878cedb8bf891dd85e0f22d0588f71b69440fb"}
}
