TN:
SF:src/shared/config/i18n/i18nForTests.ts
FNF:0
FNH:0
DA:4,1
LF:1
LH:1
BRF:0
BRH:0
end_of_record
TN:
SF:src/shared/lib/classNames/classNames.ts
FN:9,classNames
FN:14,(anonymous_1)
FN:15,(anonymous_2)
FNF:3
FNH:3
FNDA:16,classNames
FNDA:12,(anonymous_1)
FNDA:9,(anonymous_2)
DA:10,16
DA:14,12
DA:15,9
LF:3
LH:3
BRDA:9,0,0,1
BRDA:9,1,0,1
BRF:2
BRH:2
end_of_record
TN:
SF:src/shared/lib/tests/renderWithTranslation/renderWithTranslation.tsx
FN:7,renderWithTranslation
FNF:1
FNH:1
FNDA:2,renderWithTranslation
DA:8,2
LF:1
LH:1
BRF:0
BRH:0
end_of_record
TN:
SF:src/shared/ui/Button/Button.tsx
FN:20,(anonymous_0)
FNF:1
FNH:1
FNDA:5,(anonymous_0)
DA:16,2
DA:20,2
DA:21,5
DA:23,5
LF:4
LH:4
BRDA:21,0,0,1
BRDA:25,1,0,5
BRDA:25,1,1,2
BRF:3
BRH:3
end_of_record
TN:
SF:src/widgets/LangSwitcher/LangSwitcher.tsx
FN:12,(anonymous_0)
FN:15,(anonymous_1)
FN:23,(anonymous_2)
FNF:3
FNH:1
FNDA:4,(anonymous_0)
FNDA:0,(anonymous_1)
FNDA:0,(anonymous_2)
DA:12,1
DA:13,4
DA:15,4
DA:16,0
DA:19,4
DA:23,0
LF:6
LH:4
BRDA:16,0,0,0
BRDA:16,0,1,0
BRDA:21,1,0,4
BRDA:21,1,1,4
BRF:4
BRH:2
end_of_record
TN:
SF:src/widgets/Sidebar/ui/Sidebar/Sidebar.tsx
FN:18,(anonymous_0)
FN:21,(anonymous_1)
FN:22,(anonymous_2)
FNF:3
FNH:3
FNDA:3,(anonymous_0)
FNDA:1,(anonymous_1)
FNDA:1,(anonymous_2)
DA:14,1
DA:18,1
DA:19,3
DA:21,3
DA:22,1
DA:24,3
LF:6
LH:6
BRDA:28,0,0,3
BRDA:28,0,1,3
BRF:2
BRH:2
end_of_record
