TN:
SF:src/shared/config/i18n/i18nForTests.ts
FNF:0
FNH:0
DA:4,1
LF:1
LH:1
BRF:0
BRH:0
end_of_record
TN:
SF:src/shared/lib/classNames/classNames.ts
FN:9,classNames
FN:14,(anonymous_1)
FN:15,(anonymous_2)
FNF:3
FNH:3
FNDA:19,classNames
FNDA:15,(anonymous_1)
FNDA:12,(anonymous_2)
DA:10,19
DA:14,15
DA:15,12
LF:3
LH:3
BRDA:9,0,0,1
BRDA:9,1,0,1
BRF:2
BRH:2
end_of_record
TN:
SF:src/shared/lib/tests/renderWithTranslation/renderWithTranslation.tsx
FN:7,renderWithTranslation
FNF:1
FNH:1
FNDA:2,renderWithTranslation
DA:8,2
LF:1
LH:1
BRF:0
BRH:0
end_of_record
TN:
SF:src/shared/ui/Button/Button.tsx
FN:22,(anonymous_0)
FNF:1
FNH:1
FNDA:8,(anonymous_0)
DA:17,2
DA:22,2
DA:23,8
DA:25,8
LF:4
LH:4
BRDA:23,0,0,1
BRDA:27,1,0,8
BRDA:27,1,1,5
BRF:3
BRH:3
end_of_record
TN:
SF:src/widgets/LangSwitcher/LangSwitcher.tsx
FN:12,(anonymous_0)
FN:15,(anonymous_1)
FN:23,(anonymous_2)
FNF:3
FNH:1
FNDA:4,(anonymous_0)
FNDA:0,(anonymous_1)
FNDA:0,(anonymous_2)
DA:12,1
DA:13,4
DA:15,4
DA:16,0
DA:19,4
DA:23,0
LF:6
LH:4
BRDA:16,0,0,0
BRDA:16,0,1,0
BRDA:21,1,0,4
BRDA:21,1,1,4
BRF:4
BRH:2
end_of_record
TN:
SF:src/widgets/Sidebar/ui/Sidebar/Sidebar.tsx
FN:19,(anonymous_0)
FN:22,(anonymous_1)
FN:23,(anonymous_2)
FNF:3
FNH:3
FNDA:3,(anonymous_0)
FNDA:1,(anonymous_1)
FNDA:1,(anonymous_2)
DA:15,1
DA:19,1
DA:20,3
DA:22,3
DA:23,1
DA:25,3
LF:6
LH:6
BRDA:29,0,0,3
BRDA:29,0,1,3
BRF:2
BRH:2
end_of_record
